[2025-01-20 12:21:15Z INFO HostContext] No proxy settings were found based on environmental variables (http_proxy/https_proxy/HTTP_PROXY/HTTPS_PROXY)
[2025-01-20 12:21:15Z INFO HostContext] Well known directory 'Bin': 'D:\CypressProject\Public-Project\web-ecom\actions-runner\bin'
[2025-01-20 12:21:15Z INFO HostContext] Well known directory 'Root': 'D:\CypressProject\Public-Project\web-ecom\actions-runner'
[2025-01-20 12:21:15Z INFO HostContext] Well known config file 'Credentials': 'D:\CypressProject\Public-Project\web-ecom\actions-runner\.credentials'
[2025-01-20 12:21:15Z INFO HostContext] Well known directory 'Bin': 'D:\CypressProject\Public-Project\web-ecom\actions-runner\bin'
[2025-01-20 12:21:15Z INFO HostContext] Well known directory 'Root': 'D:\CypressProject\Public-Project\web-ecom\actions-runner'
[2025-01-20 12:21:15Z INFO HostContext] Well known config file 'Runner': 'D:\CypressProject\Public-Project\web-ecom\actions-runner\.runner'
[2025-01-20 12:21:15Z INFO Listener] Runner is built for Windows (X64) - win-x64.
[2025-01-20 12:21:15Z INFO Listener] RuntimeInformation: Microsoft Windows 10.0.19045.
[2025-01-20 12:21:15Z INFO Listener] Version: 2.321.0
[2025-01-20 12:21:15Z INFO Listener] Commit: e249007931b7c8e857797fa259c167f0bd4f997a
[2025-01-20 12:21:15Z INFO Listener] Culture: en-US
[2025-01-20 12:21:15Z INFO Listener] UI Culture: en-US
[2025-01-20 12:21:15Z INFO HostContext] Well known directory 'Bin': 'D:\CypressProject\Public-Project\web-ecom\actions-runner\bin'
[2025-01-20 12:21:15Z INFO HostContext] Well known directory 'Root': 'D:\CypressProject\Public-Project\web-ecom\actions-runner'
[2025-01-20 12:21:15Z INFO Listener] Validating directory permissions for: 'D:\CypressProject\Public-Project\web-ecom\actions-runner'
[2025-01-20 12:21:15Z INFO CommandLineParser] Parse
[2025-01-20 12:21:15Z INFO CommandLineParser] Parsing 5 args
[2025-01-20 12:21:15Z INFO CommandLineParser] parsing argument
[2025-01-20 12:21:15Z INFO CommandLineParser] HasArgs: False
[2025-01-20 12:21:15Z INFO CommandLineParser] Adding Command: configure
[2025-01-20 12:21:15Z INFO CommandLineParser] parsing argument
[2025-01-20 12:21:15Z INFO CommandLineParser] HasArgs: True
[2025-01-20 12:21:15Z INFO CommandLineParser] arg: url
[2025-01-20 12:21:15Z INFO CommandLineParser] parsing argument
[2025-01-20 12:21:15Z INFO CommandLineParser] HasArgs: True
[2025-01-20 12:21:15Z INFO CommandLineParser] Adding option 'url': 'https://github.com/QA-Tanushree/E-COM'
[2025-01-20 12:21:15Z INFO CommandLineParser] parsing argument
[2025-01-20 12:21:15Z INFO CommandLineParser] HasArgs: True
[2025-01-20 12:21:15Z INFO CommandLineParser] arg: token
[2025-01-20 12:21:15Z INFO CommandLineParser] parsing argument
[2025-01-20 12:21:15Z INFO CommandLineParser] HasArgs: True
[2025-01-20 12:21:15Z INFO CommandLineParser] Adding option 'token': '***'
[2025-01-20 12:21:15Z INFO Listener] Arguments parsed
[2025-01-20 12:21:15Z INFO Runner] ExecuteCommand
[2025-01-20 12:21:15Z INFO ConfigurationStore] currentAssemblyLocation: D:\CypressProject\Public-Project\web-ecom\actions-runner\bin\Runner.Listener.dll
[2025-01-20 12:21:15Z INFO HostContext] Well known directory 'Bin': 'D:\CypressProject\Public-Project\web-ecom\actions-runner\bin'
[2025-01-20 12:21:15Z INFO ConfigurationStore] binPath: D:\CypressProject\Public-Project\web-ecom\actions-runner\bin
[2025-01-20 12:21:15Z INFO HostContext] Well known directory 'Bin': 'D:\CypressProject\Public-Project\web-ecom\actions-runner\bin'
[2025-01-20 12:21:15Z INFO HostContext] Well known directory 'Root': 'D:\CypressProject\Public-Project\web-ecom\actions-runner'
[2025-01-20 12:21:15Z INFO ConfigurationStore] RootFolder: D:\CypressProject\Public-Project\web-ecom\actions-runner
[2025-01-20 12:21:15Z INFO HostContext] Well known directory 'Bin': 'D:\CypressProject\Public-Project\web-ecom\actions-runner\bin'
[2025-01-20 12:21:15Z INFO HostContext] Well known directory 'Root': 'D:\CypressProject\Public-Project\web-ecom\actions-runner'
[2025-01-20 12:21:15Z INFO HostContext] Well known config file 'Runner': 'D:\CypressProject\Public-Project\web-ecom\actions-runner\.runner'
[2025-01-20 12:21:15Z INFO ConfigurationStore] ConfigFilePath: D:\CypressProject\Public-Project\web-ecom\actions-runner\.runner
[2025-01-20 12:21:15Z INFO HostContext] Well known directory 'Bin': 'D:\CypressProject\Public-Project\web-ecom\actions-runner\bin'
[2025-01-20 12:21:15Z INFO HostContext] Well known directory 'Root': 'D:\CypressProject\Public-Project\web-ecom\actions-runner'
[2025-01-20 12:21:15Z INFO HostContext] Well known config file 'Credentials': 'D:\CypressProject\Public-Project\web-ecom\actions-runner\.credentials'
[2025-01-20 12:21:15Z INFO ConfigurationStore] CredFilePath: D:\CypressProject\Public-Project\web-ecom\actions-runner\.credentials
[2025-01-20 12:21:15Z INFO HostContext] Well known directory 'Bin': 'D:\CypressProject\Public-Project\web-ecom\actions-runner\bin'
[2025-01-20 12:21:15Z INFO HostContext] Well known directory 'Root': 'D:\CypressProject\Public-Project\web-ecom\actions-runner'
[2025-01-20 12:21:15Z INFO HostContext] Well known config file 'MigratedCredentials': 'D:\CypressProject\Public-Project\web-ecom\actions-runner\.credentials_migrated'
[2025-01-20 12:21:15Z INFO ConfigurationStore] MigratedCredFilePath: D:\CypressProject\Public-Project\web-ecom\actions-runner\.credentials_migrated
[2025-01-20 12:21:15Z INFO HostContext] Well known directory 'Bin': 'D:\CypressProject\Public-Project\web-ecom\actions-runner\bin'
[2025-01-20 12:21:15Z INFO HostContext] Well known directory 'Root': 'D:\CypressProject\Public-Project\web-ecom\actions-runner'
[2025-01-20 12:21:15Z INFO HostContext] Well known config file 'Service': 'D:\CypressProject\Public-Project\web-ecom\actions-runner\.service'
[2025-01-20 12:21:15Z INFO ConfigurationStore] ServiceConfigFilePath: D:\CypressProject\Public-Project\web-ecom\actions-runner\.service
[2025-01-20 12:21:15Z INFO CommandSettings] Flag 'help': 'False'
[2025-01-20 12:21:15Z INFO CommandSettings] Flag 'version': 'False'
[2025-01-20 12:21:15Z INFO CommandSettings] Flag 'commit': 'False'
[2025-01-20 12:21:15Z INFO CommandSettings] Flag 'check': 'False'
[2025-01-20 12:21:15Z INFO CommandSettings] Command 'configure': 'True'
[2025-01-20 12:21:15Z INFO Terminal] WRITE LINE: 
[2025-01-20 12:21:15Z INFO Terminal] WRITE LINE: --------------------------------------------------------------------------------
[2025-01-20 12:21:15Z INFO Terminal] WRITE LINE: |        ____ _ _   _   _       _          _        _   _                      |
[2025-01-20 12:21:15Z INFO Terminal] WRITE LINE: |       / ___(_) |_| | | |_   _| |__      / \   ___| |_(_) ___  _ __  ___      |
[2025-01-20 12:21:15Z INFO Terminal] WRITE LINE: |      | |  _| | __| |_| | | | | '_ \    / _ \ / __| __| |/ _ \| '_ \/ __|     |
[2025-01-20 12:21:15Z INFO Terminal] WRITE LINE: |      | |_| | | |_|  _  | |_| | |_) |  / ___ \ (__| |_| | (_) | | | \__ \     |
[2025-01-20 12:21:15Z INFO Terminal] WRITE LINE: |       \____|_|\__|_| |_|\__,_|_.__/  /_/   \_\___|\__|_|\___/|_| |_|___/     |
[2025-01-20 12:21:15Z INFO Terminal] WRITE LINE: |                                                                              |
[2025-01-20 12:21:15Z INFO Terminal] WRITE: |                       
[2025-01-20 12:21:15Z INFO Terminal] WRITE: Self-hosted runner registration
[2025-01-20 12:21:15Z INFO Terminal] WRITE LINE:                         |
[2025-01-20 12:21:15Z INFO Terminal] WRITE LINE: |                                                                              |
[2025-01-20 12:21:15Z INFO Terminal] WRITE LINE: --------------------------------------------------------------------------------
[2025-01-20 12:21:15Z INFO ConfigurationManager] ConfigureAsync
[2025-01-20 12:21:15Z INFO CommandSettings] Flag 'generateServiceConfig': 'False'
[2025-01-20 12:21:15Z INFO ConfigurationStore] IsConfigured()
[2025-01-20 12:21:15Z INFO ConfigurationStore] IsConfigured: True
[2025-01-20 12:21:15Z INFO ConfigurationManager] Is configured: True
[2025-01-20 12:21:15Z ERR  Runner] System.InvalidOperationException: Cannot configure the runner because it is already configured. To reconfigure the runner, run 'config.cmd remove' or './config.sh remove' first.
   at GitHub.Runner.Listener.Configuration.ConfigurationManager.ConfigureAsync(CommandSettings command)
   at GitHub.Runner.Listener.Runner.ExecuteCommand(CommandSettings command)
[2025-01-20 12:21:15Z ERR  Terminal] WRITE ERROR: Cannot configure the runner because it is already configured. To reconfigure the runner, run 'config.cmd remove' or './config.sh remove' first.
[2025-01-20 12:21:15Z INFO Listener] Runner execution has finished with return code 1
[2025-01-20 12:21:15Z INFO HostContext] No proxy settings were found based on environmental variables (http_proxy/https_proxy/HTTP_PROXY/HTTPS_PROXY)
[2025-01-20 12:21:15Z INFO HostContext] Well known directory 'Bin': 'D:\CypressProject\Public-Project\web-ecom\actions-runner\bin'
[2025-01-20 12:21:15Z INFO HostContext] Well known directory 'Root': 'D:\CypressProject\Public-Project\web-ecom\actions-runner'
[2025-01-20 12:21:15Z INFO HostContext] Well known config file 'Credentials': 'D:\CypressProject\Public-Project\web-ecom\actions-runner\.credentials'
[2025-01-20 12:21:15Z INFO HostContext] Well known directory 'Bin': 'D:\CypressProject\Public-Project\web-ecom\actions-runner\bin'
[2025-01-20 12:21:15Z INFO HostContext] Well known directory 'Root': 'D:\CypressProject\Public-Project\web-ecom\actions-runner'
[2025-01-20 12:21:15Z INFO HostContext] Well known config file 'Runner': 'D:\CypressProject\Public-Project\web-ecom\actions-runner\.runner'
[2025-01-20 12:21:15Z INFO Listener] Runner is built for Windows (X64) - win-x64.
[2025-01-20 12:21:15Z INFO Listener] RuntimeInformation: Microsoft Windows 10.0.19045.
[2025-01-20 12:21:15Z INFO Listener] Version: 2.321.0
[2025-01-20 12:21:15Z INFO Listener] Commit: e249007931b7c8e857797fa259c167f0bd4f997a
[2025-01-20 12:21:15Z INFO Listener] Culture: en-US
[2025-01-20 12:21:15Z INFO Listener] UI Culture: en-US
[2025-01-20 12:21:15Z INFO HostContext] Well known directory 'Bin': 'D:\CypressProject\Public-Project\web-ecom\actions-runner\bin'
[2025-01-20 12:21:15Z INFO HostContext] Well known directory 'Root': 'D:\CypressProject\Public-Project\web-ecom\actions-runner'
[2025-01-20 12:21:15Z INFO Listener] Validating directory permissions for: 'D:\CypressProject\Public-Project\web-ecom\actions-runner'
[2025-01-20 12:21:15Z INFO CommandLineParser] Parse
[2025-01-20 12:21:15Z INFO CommandLineParser] Parsing 1 args
[2025-01-20 12:21:15Z INFO CommandLineParser] parsing argument
[2025-01-20 12:21:15Z INFO CommandLineParser] HasArgs: False
[2025-01-20 12:21:15Z INFO CommandLineParser] Adding Command: run
[2025-01-20 12:21:15Z INFO Listener] Arguments parsed
[2025-01-20 12:21:15Z INFO Runner] ExecuteCommand
[2025-01-20 12:21:15Z INFO ConfigurationStore] currentAssemblyLocation: D:\CypressProject\Public-Project\web-ecom\actions-runner\bin\Runner.Listener.dll
[2025-01-20 12:21:15Z INFO HostContext] Well known directory 'Bin': 'D:\CypressProject\Public-Project\web-ecom\actions-runner\bin'
[2025-01-20 12:21:15Z INFO ConfigurationStore] binPath: D:\CypressProject\Public-Project\web-ecom\actions-runner\bin
[2025-01-20 12:21:15Z INFO HostContext] Well known directory 'Bin': 'D:\CypressProject\Public-Project\web-ecom\actions-runner\bin'
[2025-01-20 12:21:15Z INFO HostContext] Well known directory 'Root': 'D:\CypressProject\Public-Project\web-ecom\actions-runner'
[2025-01-20 12:21:15Z INFO ConfigurationStore] RootFolder: D:\CypressProject\Public-Project\web-ecom\actions-runner
[2025-01-20 12:21:15Z INFO HostContext] Well known directory 'Bin': 'D:\CypressProject\Public-Project\web-ecom\actions-runner\bin'
[2025-01-20 12:21:15Z INFO HostContext] Well known directory 'Root': 'D:\CypressProject\Public-Project\web-ecom\actions-runner'
[2025-01-20 12:21:15Z INFO HostContext] Well known config file 'Runner': 'D:\CypressProject\Public-Project\web-ecom\actions-runner\.runner'
[2025-01-20 12:21:15Z INFO ConfigurationStore] ConfigFilePath: D:\CypressProject\Public-Project\web-ecom\actions-runner\.runner
[2025-01-20 12:21:15Z INFO HostContext] Well known directory 'Bin': 'D:\CypressProject\Public-Project\web-ecom\actions-runner\bin'
[2025-01-20 12:21:15Z INFO HostContext] Well known directory 'Root': 'D:\CypressProject\Public-Project\web-ecom\actions-runner'
[2025-01-20 12:21:15Z INFO HostContext] Well known config file 'Credentials': 'D:\CypressProject\Public-Project\web-ecom\actions-runner\.credentials'
[2025-01-20 12:21:15Z INFO ConfigurationStore] CredFilePath: D:\CypressProject\Public-Project\web-ecom\actions-runner\.credentials
[2025-01-20 12:21:15Z INFO HostContext] Well known directory 'Bin': 'D:\CypressProject\Public-Project\web-ecom\actions-runner\bin'
[2025-01-20 12:21:15Z INFO HostContext] Well known directory 'Root': 'D:\CypressProject\Public-Project\web-ecom\actions-runner'
[2025-01-20 12:21:15Z INFO HostContext] Well known config file 'MigratedCredentials': 'D:\CypressProject\Public-Project\web-ecom\actions-runner\.credentials_migrated'
[2025-01-20 12:21:15Z INFO ConfigurationStore] MigratedCredFilePath: D:\CypressProject\Public-Project\web-ecom\actions-runner\.credentials_migrated
[2025-01-20 12:21:15Z INFO HostContext] Well known directory 'Bin': 'D:\CypressProject\Public-Project\web-ecom\actions-runner\bin'
[2025-01-20 12:21:15Z INFO HostContext] Well known directory 'Root': 'D:\CypressProject\Public-Project\web-ecom\actions-runner'
[2025-01-20 12:21:15Z INFO HostContext] Well known config file 'Service': 'D:\CypressProject\Public-Project\web-ecom\actions-runner\.service'
[2025-01-20 12:21:15Z INFO ConfigurationStore] ServiceConfigFilePath: D:\CypressProject\Public-Project\web-ecom\actions-runner\.service
[2025-01-20 12:21:15Z INFO CommandSettings] Flag 'help': 'False'
[2025-01-20 12:21:15Z INFO CommandSettings] Flag 'version': 'False'
[2025-01-20 12:21:15Z INFO CommandSettings] Flag 'commit': 'False'
[2025-01-20 12:21:15Z INFO CommandSettings] Flag 'check': 'False'
[2025-01-20 12:21:15Z INFO CommandSettings] Command 'configure': 'False'
[2025-01-20 12:21:15Z INFO CommandSettings] Command 'remove': 'False'
[2025-01-20 12:21:15Z INFO CommandSettings] Command 'warmup': 'False'
[2025-01-20 12:21:15Z INFO ConfigurationManager] LoadSettings
[2025-01-20 12:21:15Z INFO ConfigurationStore] IsConfigured()
[2025-01-20 12:21:15Z INFO ConfigurationStore] IsConfigured: True
[2025-01-20 12:21:15Z INFO ConfigurationManager] Is configured: True
[2025-01-20 12:21:15Z INFO ConfigurationStore] Read setting file: 301 chars
[2025-01-20 12:21:15Z INFO ConfigurationManager] Settings Loaded
[2025-01-20 12:21:15Z INFO ConfigurationStore] IsServiceConfigured()
[2025-01-20 12:21:15Z INFO ConfigurationStore] IsServiceConfigured: False
[2025-01-20 12:21:15Z INFO CommandSettings] Command 'run': 'True'
[2025-01-20 12:21:15Z INFO ConfigurationStore] IsConfigured()
[2025-01-20 12:21:15Z INFO ConfigurationStore] IsConfigured: True
[2025-01-20 12:21:15Z INFO ConfigurationManager] Is configured: True
[2025-01-20 12:21:15Z INFO Runner] Could not parse the argument value '' for StartupType. Defaulting to Manual
[2025-01-20 12:21:15Z INFO Runner] Set runner startup type - Manual
[2025-01-20 12:21:15Z INFO CommandSettings] Flag 'once': 'False'
[2025-01-20 12:21:15Z INFO CommandSettings] Flag 'once': 'False'
[2025-01-20 12:21:15Z INFO Runner] RunAsync
[2025-01-20 12:21:15Z INFO ConfigurationManager] LoadSettings
[2025-01-20 12:21:15Z INFO ConfigurationStore] IsConfigured()
[2025-01-20 12:21:15Z INFO ConfigurationStore] IsConfigured: True
[2025-01-20 12:21:15Z INFO ConfigurationManager] Is configured: True
[2025-01-20 12:21:15Z INFO ConfigurationManager] Settings Loaded
[2025-01-20 12:21:15Z INFO MessageListener] {
  "AgentId": 21,
  "AgentName": "DM-46094",
  "PoolId": 1,
  "PoolName": "Default",
  "ServerUrl": "https://pipelinesghubeus2.actions.githubusercontent.com/X94balt4ZQgiDkFBNCsCxkN9shXJIxx2Y1nOK6FmI8lIlid723/",
  "GitHubUrl": "https://github.com/QA-Tanushree/E-COM",
  "WorkFolder": "_work"
}
[2025-01-20 12:21:15Z INFO MessageListener] Loading Credentials
[2025-01-20 12:21:15Z INFO ConfigurationStore] HasCredentials()
[2025-01-20 12:21:15Z INFO ConfigurationStore] stored True
[2025-01-20 12:21:15Z INFO CredentialManager] GetCredentialProvider
[2025-01-20 12:21:15Z INFO CredentialManager] Creating type OAuth
[2025-01-20 12:21:15Z INFO CredentialManager] Creating credential type: OAuth
[2025-01-20 12:21:15Z INFO HostContext] Well known directory 'Bin': 'D:\CypressProject\Public-Project\web-ecom\actions-runner\bin'
[2025-01-20 12:21:15Z INFO HostContext] Well known directory 'Root': 'D:\CypressProject\Public-Project\web-ecom\actions-runner'
[2025-01-20 12:21:15Z INFO HostContext] Well known config file 'RSACredentials': 'D:\CypressProject\Public-Project\web-ecom\actions-runner\.credentials_rsaparams'
[2025-01-20 12:21:15Z INFO RSAEncryptedFileKeyManager] Loading RSA key parameters from file D:\CypressProject\Public-Project\web-ecom\actions-runner\.credentials_rsaparams
[2025-01-20 12:21:15Z INFO MessageListener] Attempt to create session.
[2025-01-20 12:21:15Z INFO MessageListener] Connecting to the Runner Server...
[2025-01-20 12:21:15Z INFO RunnerServer] EstablishVssConnection
[2025-01-20 12:21:15Z INFO RunnerServer] Establish connection with 100 seconds timeout.
[2025-01-20 12:21:15Z INFO GitHubActionsService] Starting operation Location.GetConnectionData
[2025-01-20 12:21:16Z INFO RunnerServer] EstablishVssConnection
[2025-01-20 12:21:16Z INFO RunnerServer] Establish connection with 60 seconds timeout.
[2025-01-20 12:21:16Z INFO GitHubActionsService] Starting operation Location.GetConnectionData
[2025-01-20 12:21:16Z INFO RunnerServer] EstablishVssConnection
[2025-01-20 12:21:16Z INFO RunnerServer] Establish connection with 60 seconds timeout.
[2025-01-20 12:21:16Z INFO GitHubActionsService] Starting operation Location.GetConnectionData
[2025-01-20 12:21:17Z INFO GitHubActionsService] Finished operation Location.GetConnectionData
[2025-01-20 12:21:17Z INFO GitHubActionsService] Finished operation Location.GetConnectionData
[2025-01-20 12:21:18Z INFO GitHubActionsService] Finished operation Location.GetConnectionData
[2025-01-20 12:21:18Z INFO MessageListener] VssConnection created
[2025-01-20 12:21:18Z INFO Terminal] WRITE LINE: 
[2025-01-20 12:21:18Z INFO Terminal] WRITE LINE: 
[2025-01-20 12:21:18Z INFO RSAEncryptedFileKeyManager] Loading RSA key parameters from file D:\CypressProject\Public-Project\web-ecom\actions-runner\.credentials_rsaparams
[2025-01-20 12:21:18Z INFO RSAEncryptedFileKeyManager] Loading RSA key parameters from file D:\CypressProject\Public-Project\web-ecom\actions-runner\.credentials_rsaparams
[2025-01-20 12:21:20Z INFO GitHubActionsService] AAD Correlation ID for this token request: Unknown
[2025-01-20 12:21:20Z INFO MessageListener] Session created.
[2025-01-20 12:21:20Z INFO Terminal] WRITE LINE: Current runner version: '2.321.0'
[2025-01-20 12:21:20Z INFO Terminal] WRITE LINE: 2025-01-20 12:21:20Z: Listening for Jobs
[2025-01-20 12:21:20Z INFO JobDispatcher] Set runner/worker IPC timeout to 30 seconds.
[2025-01-20 12:21:20Z INFO RSAEncryptedFileKeyManager] Loading RSA key parameters from file D:\CypressProject\Public-Project\web-ecom\actions-runner\.credentials_rsaparams
[2025-01-20 12:21:21Z INFO GitHubActionsService] AAD Correlation ID for this token request: Unknown
